# JRE version: Java(TM) SE Runtime Environment (8.0_361) (build 1.8.0_361-b09)
# Java VM: Java HotSpot(TM) 64-Bit Server VM (25.361-b09 mixed mode bsd-amd64 compressed oops)
Heap:
 PSYoungGen      total 1010688K, used 296715K [0x000000075a000000, 0x000000079c380000, 0x00000007c0000000)
  eden space 968192K, 26% used [0x000000075a000000,0x0000000769baeae0,0x0000000795180000)
  from space 42496K, 91% used [0x0000000799a00000,0x000000079c014310,0x000000079c380000)
  to   space 58368K, 0% used [0x0000000795180000,0x0000000795180000,0x0000000798a80000)
 ParOldGen       total 349696K, used 55219K [0x000000068e000000, 0x00000006a3580000, 0x000000075a000000)
  object space 349696K, 15% used [0x000000068e000000,0x00000006915ece78,0x00000006a3580000)
 Metaspace       used 34422K, capacity 34900K, committed 35328K, reserved 1079296K
  class space    used 4622K, capacity 4761K, committed 4864K, reserved 1048576K
GC Heap History (10 events):
Event: 4.205 GC heap before
{Heap before GC invocations=3 (full 0):
 PSYoungGen      total 284672K, used 284662K [0x000000075a000000, 0x000000076cb00000, 0x00000007c0000000)
  eden space 263168K, 100% used [0x000000075a000000,0x000000076a100000,0x000000076a100000)
  from space 21504K, 99% used [0x000000076b600000,0x000000076cafd8c8,0x000000076cb00000)
  to   space 21504K, 0% used [0x000000076a100000,0x000000076a100000,0x000000076b600000)
 ParOldGen       total 349696K, used 16444K [0x000000068e000000, 0x00000006a3580000, 0x000000075a000000)
  object space 349696K, 4% used [0x000000068e000000,0x000000068f00f068,0x00000006a3580000)
 Metaspace       used 20710K, capacity 21054K, committed 21296K, reserved 1069056K
  class space    used 2505K, capacity 2607K, committed 2688K, reserved 1048576K
Event: 4.255 GC heap after
Heap after GC invocations=3 (full 0):
 PSYoungGen      total 284672K, used 21503K [0x000000075a000000, 0x000000077cc00000, 0x00000007c0000000)
  eden space 263168K, 0% used [0x000000075a000000,0x000000075a000000,0x000000076a100000)
  from space 21504K, 99% used [0x000000076a100000,0x000000076b5ffe88,0x000000076b600000)
  to   space 21504K, 0% used [0x000000077b700000,0x000000077b700000,0x000000077cc00000)
 ParOldGen       total 349696K, used 55832K [0x000000068e000000, 0x00000006a3580000, 0x000000075a000000)
  object space 349696K, 15% used [0x000000068e000000,0x00000006916862a8,0x00000006a3580000)
 Metaspace       used 20710K, capacity 21054K, committed 21296K, reserved 1069056K
  class space    used 2505K, capacity 2607K, committed 2688K, reserved 1048576K
}
Event: 4.325 GC heap before
{Heap before GC invocations=4 (full 0):
 PSYoungGen      total 284672K, used 26544K [0x000000075a000000, 0x000000077cc00000, 0x00000007c0000000)
  eden space 263168K, 1% used [0x000000075a000000,0x000000075a4ec2b0,0x000000076a100000)
  from space 21504K, 99% used [0x000000076a100000,0x000000076b5ffe88,0x000000076b600000)
  to   space 21504K, 0% used [0x000000077b700000,0x000000077b700000,0x000000077cc00000)
 ParOldGen       total 349696K, used 55832K [0x000000068e000000, 0x00000006a3580000, 0x000000075a000000)
  object space 349696K, 15% used [0x000000068e000000,0x00000006916862a8,0x00000006a3580000)
 Metaspace       used 20801K, capacity 21154K, committed 21296K, reserved 1069056K
  class space    used 2519K, capacity 2639K, committed 2688K, reserved 1048576K
Event: 4.344 GC heap after
Heap after GC invocations=4 (full 0):
 PSYoungGen      total 547840K, used 21496K [0x000000075a000000, 0x000000077cc00000, 0x00000007c0000000)
  eden space 526336K, 0% used [0x000000075a000000,0x000000075a000000,0x000000077a200000)
  from space 21504K, 99% used [0x000000077b700000,0x000000077cbfe3e0,0x000000077cc00000)
  to   space 21504K, 0% used [0x000000077a200000,0x000000077a200000,0x000000077b700000)
 ParOldGen       total 349696K, used 55924K [0x000000068e000000, 0x00000006a3580000, 0x000000075a000000)
  object space 349696K, 15% used [0x000000068e000000,0x000000069169d050,0x00000006a3580000)
 Metaspace       used 20801K, capacity 21154K, committed 21296K, reserved 1069056K
  class space    used 2519K, capacity 2639K, committed 2688K, reserved 1048576K
}
Event: 4.345 GC heap before
{Heap before GC invocations=5 (full 1):
 PSYoungGen      total 547840K, used 21496K [0x000000075a000000, 0x000000077cc00000, 0x00000007c0000000)
  eden space 526336K, 0% used [0x000000075a000000,0x000000075a000000,0x000000077a200000)
  from space 21504K, 99% used [0x000000077b700000,0x000000077cbfe3e0,0x000000077cc00000)
  to   space 21504K, 0% used [0x000000077a200000,0x000000077a200000,0x000000077b700000)
 ParOldGen       total 349696K, used 55924K [0x000000068e000000, 0x00000006a3580000, 0x000000075a000000)
  object space 349696K, 15% used [0x000000068e000000,0x000000069169d050,0x00000006a3580000)
 Metaspace       used 20801K, capacity 21154K, committed 21296K, reserved 1069056K
  class space    used 2519K, capacity 2639K, committed 2688K, reserved 1048576K
Event: 4.382 GC heap after
Heap after GC invocations=5 (full 1):
 PSYoungGen      total 547840K, used 0K [0x000000075a000000, 0x000000077cc00000, 0x00000007c0000000)
  eden space 526336K, 0% used [0x000000075a000000,0x000000075a000000,0x000000077a200000)
  from space 21504K, 0% used [0x000000077b700000,0x000000077b700000,0x000000077cc00000)
  to   space 21504K, 0% used [0x000000077a200000,0x000000077a200000,0x000000077b700000)
 ParOldGen       total 349696K, used 44561K [0x000000068e000000, 0x00000006a3580000, 0x000000075a000000)
  object space 349696K, 12% used [0x000000068e000000,0x0000000690b84508,0x00000006a3580000)
 Metaspace       used 20801K, capacity 21154K, committed 21296K, reserved 1069056K
  class space    used 2519K, capacity 2639K, committed 2688K, reserved 1048576K
}
Event: 7.527 GC heap before
{Heap before GC invocations=6 (full 1):
 PSYoungGen      total 547840K, used 526336K [0x000000075a000000, 0x000000077cc00000, 0x00000007c0000000)
  eden space 526336K, 100% used [0x000000075a000000,0x000000077a200000,0x000000077a200000)
  from space 21504K, 0% used [0x000000077b700000,0x000000077b700000,0x000000077cc00000)
  to   space 21504K, 0% used [0x000000077a200000,0x000000077a200000,0x000000077b700000)
 ParOldGen       total 349696K, used 44561K [0x000000068e000000, 0x00000006a3580000, 0x000000075a000000)
  object space 349696K, 12% used [0x000000068e000000,0x0000000690b84508,0x00000006a3580000)
 Metaspace       used 26670K, capacity 27098K, committed 27520K, reserved 1073152K
  class space    used 3251K, capacity 3355K, committed 3456K, reserved 1048576K
Event: 7.549 GC heap after
Heap after GC invocations=6 (full 1):
 PSYoungGen      total 547840K, used 21496K [0x000000075a000000, 0x000000079d500000, 0x00000007c0000000)
  eden space 526336K, 0% used [0x000000075a000000,0x000000075a000000,0x000000077a200000)
  from space 21504K, 99% used [0x000000077a200000,0x000000077b6fe340,0x000000077b700000)
  to   space 60416K, 0% used [0x0000000799a00000,0x0000000799a00000,0x000000079d500000)
 ParOldGen       total 349696K, used 55211K [0x000000068e000000, 0x00000006a3580000, 0x000000075a000000)
  object space 349696K, 15% used [0x000000068e000000,0x00000006915eae78,0x00000006a3580000)
 Metaspace       used 26670K, capacity 27098K, committed 27520K, reserved 1073152K
  class space    used 3251K, capacity 3355K, committed 3456K, reserved 1048576K
}
Event: 8.768 GC heap before
{Heap before GC invocations=7 (full 1):
 PSYoungGen      total 547840K, used 547832K [0x000000075a000000, 0x000000079d500000, 0x00000007c0000000)
  eden space 526336K, 100% used [0x000000075a000000,0x000000077a200000,0x000000077a200000)
  from space 21504K, 99% used [0x000000077a200000,0x000000077b6fe340,0x000000077b700000)
  to   space 60416K, 0% used [0x0000000799a00000,0x0000000799a00000,0x000000079d500000)
 ParOldGen       total 349696K, used 55211K [0x000000068e000000, 0x00000006a3580000, 0x000000075a000000)
  object space 349696K, 15% used [0x000000068e000000,0x00000006915eae78,0x00000006a3580000)
 Metaspace       used 31520K, capacity 31974K, committed 32384K, reserved 1077248K
  class space    used 4267K, capacity 4381K, committed 4480K, reserved 1048576K
Event: 8.785 GC heap after
Heap after GC invocations=7 (full 1):
 PSYoungGen      total 1010688K, used 38992K [0x000000075a000000, 0x000000079c380000, 0x00000007c0000000)
  eden space 968192K, 0% used [0x000000075a000000,0x000000075a000000,0x0000000795180000)
  from space 42496K, 91% used [0x0000000799a00000,0x000000079c014310,0x000000079c380000)
  to   space 58368K, 0% used [0x0000000795180000,0x0000000795180000,0x0000000798a80000)
 ParOldGen       total 349696K, used 55219K [0x000000068e000000, 0x00000006a3580000, 0x000000075a000000)
  object space 349696K, 15% used [0x000000068e000000,0x00000006915ece78,0x00000006a3580000)
 Metaspace       used 31520K, capacity 31974K, committed 32384K, reserved 1077248K
  class space    used 4267K, capacity 4381K, committed 4480K, reserved 1048576K
}

